2020-03-15T12:23:42+00:00 CRITICAL Uncaught Error: Call to a member function get_id() on null in C:\xampp\htdocs\wordpress\wp-content\themes\firezy\functions.php:524
Stack trace:
#0 C:\xampp\htdocs\wordpress\wp-settings.php(497): include()
#1 C:\xampp\htdocs\wordpress\wp-config.php(90): require_once('C:\\xampp\\htdocs...')
#2 C:\xampp\htdocs\wordpress\wp-load.php(37): require_once('C:\\xampp\\htdocs...')
#3 C:\xampp\htdocs\wordpress\wp-blog-header.php(13): require_once('C:\\xampp\\htdocs...')
#4 C:\xampp\htdocs\wordpress\index.php(17): require('C:\\xampp\\htdocs...')
#5 {main}
  thrown dans C:\xampp\htdocs\wordpress\wp-content\themes\firezy\functions.php à la ligne 524

2020-03-15T12:23:55+00:00 CRITICAL Uncaught Error: Call to a member function get_id() on null in C:\xampp\htdocs\wordpress\wp-content\themes\firezy\functions.php:524
Stack trace:
#0 C:\xampp\htdocs\wordpress\wp-settings.php(497): include()
#1 C:\xampp\htdocs\wordpress\wp-config.php(90): require_once('C:\\xampp\\htdocs...')
#2 C:\xampp\htdocs\wordpress\wp-load.php(37): require_once('C:\\xampp\\htdocs...')
#3 C:\xampp\htdocs\wordpress\wp-admin\admin-ajax.php(22): require_once('C:\\xampp\\htdocs...')
#4 {main}
  thrown dans C:\xampp\htdocs\wordpress\wp-content\themes\firezy\functions.php à la ligne 524

2020-03-15T12:24:28+00:00 CRITICAL Uncaught Error: Call to a member function get_id() on null in C:\xampp\htdocs\wordpress\wp-content\themes\firezy\functions.php:524
Stack trace:
#0 C:\xampp\htdocs\wordpress\wp-settings.php(497): include()
#1 C:\xampp\htdocs\wordpress\wp-config.php(90): require_once('C:\\xampp\\htdocs...')
#2 C:\xampp\htdocs\wordpress\wp-load.php(37): require_once('C:\\xampp\\htdocs...')
#3 C:\xampp\htdocs\wordpress\wp-blog-header.php(13): require_once('C:\\xampp\\htdocs...')
#4 C:\xampp\htdocs\wordpress\index.php(17): require('C:\\xampp\\htdocs...')
#5 {main}
  thrown dans C:\xampp\htdocs\wordpress\wp-content\themes\firezy\functions.php à la ligne 524

2020-03-15T12:25:04+00:00 CRITICAL Uncaught Error: Call to a member function get_id() on boolean in C:\xampp\htdocs\wordpress\wp-content\themes\firezy\functions.php:524
Stack trace:
#0 C:\xampp\htdocs\wordpress\wp-settings.php(497): include()
#1 C:\xampp\htdocs\wordpress\wp-config.php(90): require_once('C:\\xampp\\htdocs...')
#2 C:\xampp\htdocs\wordpress\wp-load.php(37): require_once('C:\\xampp\\htdocs...')
#3 C:\xampp\htdocs\wordpress\wp-blog-header.php(13): require_once('C:\\xampp\\htdocs...')
#4 C:\xampp\htdocs\wordpress\index.php(17): require('C:\\xampp\\htdocs...')
#5 {main}
  thrown dans C:\xampp\htdocs\wordpress\wp-content\themes\firezy\functions.php à la ligne 524

2020-03-15T12:25:23+00:00 CRITICAL Uncaught Error: Call to a member function get_id() on boolean in C:\xampp\htdocs\wordpress\wp-content\themes\firezy\functions.php:524
Stack trace:
#0 C:\xampp\htdocs\wordpress\wp-settings.php(497): include()
#1 C:\xampp\htdocs\wordpress\wp-config.php(90): require_once('C:\\xampp\\htdocs...')
#2 C:\xampp\htdocs\wordpress\wp-load.php(37): require_once('C:\\xampp\\htdocs...')
#3 C:\xampp\htdocs\wordpress\wp-admin\admin-ajax.php(22): require_once('C:\\xampp\\htdocs...')
#4 {main}
  thrown dans C:\xampp\htdocs\wordpress\wp-content\themes\firezy\functions.php à la ligne 524

2020-03-15T12:30:33+00:00 CRITICAL Uncaught ArgumentCountError: Too few arguments to function min_decimal(), 1 passed in C:\xampp\htdocs\wordpress\wp-includes\class-wp-hook.php on line 290 and exactly 2 expected in C:\xampp\htdocs\wordpress\wp-content\themes\firezy\functions.php:527
Stack trace:
#0 C:\xampp\htdocs\wordpress\wp-includes\class-wp-hook.php(290): min_decimal(1)
#1 C:\xampp\htdocs\wordpress\wp-includes\plugin.php(206): WP_Hook->apply_filters(1, Array)
#2 C:\xampp\htdocs\wordpress\wp-content\plugins\woocommerce\templates\single-product\add-to-cart\simple.php(39): apply_filters('woocommerce_qua...', 1, Object(WC_Product_Simple))
#3 C:\xampp\htdocs\wordpress\wp-content\plugins\woocommerce\includes\wc-core-functions.php(249): include('C:\\xampp\\htdocs...')
#4 C:\xampp\htdocs\wordpress\wp-content\plugins\woocommerce\includes\wc-template-functions.php(1581): wc_get_template('single-product/...')
#5 C:\xampp\htdocs\wordpress\wp-includes\class-wp-hook.php(288): woocommerce_simple_add_to_cart('')
#6 C:\xampp\htdocs\wordpress\wp-includes\cl dans C:\xampp\htdocs\wordpress\wp-content\themes\firezy\functions.php à la ligne 527

2020-03-15T12:30:45+00:00 CRITICAL Uncaught ArgumentCountError: Too few arguments to function min_decimal(), 1 passed in C:\xampp\htdocs\wordpress\wp-includes\class-wp-hook.php on line 290 and exactly 2 expected in C:\xampp\htdocs\wordpress\wp-content\themes\firezy\functions.php:527
Stack trace:
#0 C:\xampp\htdocs\wordpress\wp-includes\class-wp-hook.php(290): min_decimal(1)
#1 C:\xampp\htdocs\wordpress\wp-includes\plugin.php(206): WP_Hook->apply_filters(1, Array)
#2 C:\xampp\htdocs\wordpress\wp-content\plugins\woocommerce\templates\single-product\add-to-cart\simple.php(39): apply_filters('woocommerce_qua...', 1, Object(WC_Product_Simple))
#3 C:\xampp\htdocs\wordpress\wp-content\plugins\woocommerce\includes\wc-core-functions.php(249): include('C:\\xampp\\htdocs...')
#4 C:\xampp\htdocs\wordpress\wp-content\plugins\woocommerce\includes\wc-template-functions.php(1581): wc_get_template('single-product/...')
#5 C:\xampp\htdocs\wordpress\wp-includes\class-wp-hook.php(288): woocommerce_simple_add_to_cart('')
#6 C:\xampp\htdocs\wordpress\wp-includes\cl dans C:\xampp\htdocs\wordpress\wp-content\themes\firezy\functions.php à la ligne 527

2020-03-15T12:30:54+00:00 CRITICAL Uncaught ArgumentCountError: Too few arguments to function min_decimal(), 1 passed in C:\xampp\htdocs\wordpress\wp-includes\class-wp-hook.php on line 290 and exactly 2 expected in C:\xampp\htdocs\wordpress\wp-content\themes\firezy\functions.php:527
Stack trace:
#0 C:\xampp\htdocs\wordpress\wp-includes\class-wp-hook.php(290): min_decimal(1)
#1 C:\xampp\htdocs\wordpress\wp-includes\plugin.php(206): WP_Hook->apply_filters(1, Array)
#2 C:\xampp\htdocs\wordpress\wp-content\plugins\woocommerce\templates\single-product\add-to-cart\simple.php(39): apply_filters('woocommerce_qua...', 1, Object(WC_Product_Simple))
#3 C:\xampp\htdocs\wordpress\wp-content\plugins\woocommerce\includes\wc-core-functions.php(249): include('C:\\xampp\\htdocs...')
#4 C:\xampp\htdocs\wordpress\wp-content\plugins\woocommerce\includes\wc-template-functions.php(1581): wc_get_template('single-product/...')
#5 C:\xampp\htdocs\wordpress\wp-includes\class-wp-hook.php(288): woocommerce_simple_add_to_cart('')
#6 C:\xampp\htdocs\wordpress\wp-includes\cl dans C:\xampp\htdocs\wordpress\wp-content\themes\firezy\functions.php à la ligne 527

2020-03-15T12:38:09+00:00 CRITICAL Uncaught ArgumentCountError: Too few arguments to function min_decimal(), 1 passed in C:\xampp\htdocs\wordpress\wp-includes\class-wp-hook.php on line 290 and exactly 2 expected in C:\xampp\htdocs\wordpress\wp-content\themes\firezy\functions.php:527
Stack trace:
#0 C:\xampp\htdocs\wordpress\wp-includes\class-wp-hook.php(290): min_decimal(1)
#1 C:\xampp\htdocs\wordpress\wp-includes\plugin.php(206): WP_Hook->apply_filters(1, Array)
#2 C:\xampp\htdocs\wordpress\wp-content\plugins\woocommerce\templates\single-product\add-to-cart\simple.php(39): apply_filters('woocommerce_qua...', 1, Object(WC_Product_Simple))
#3 C:\xampp\htdocs\wordpress\wp-content\plugins\woocommerce\includes\wc-core-functions.php(249): include('C:\\xampp\\htdocs...')
#4 C:\xampp\htdocs\wordpress\wp-content\plugins\woocommerce\includes\wc-template-functions.php(1581): wc_get_template('single-product/...')
#5 C:\xampp\htdocs\wordpress\wp-includes\class-wp-hook.php(288): woocommerce_simple_add_to_cart('')
#6 C:\xampp\htdocs\wordpress\wp-includes\cl dans C:\xampp\htdocs\wordpress\wp-content\themes\firezy\functions.php à la ligne 527

2020-03-15T12:39:56+00:00 CRITICAL Uncaught Error: Call to a member function get_cart() on null in C:\xampp\htdocs\wordpress\wp-content\themes\firezy\functions.php:523
Stack trace:
#0 C:\xampp\htdocs\wordpress\wp-settings.php(497): include()
#1 C:\xampp\htdocs\wordpress\wp-config.php(90): require_once('C:\\xampp\\htdocs...')
#2 C:\xampp\htdocs\wordpress\wp-load.php(37): require_once('C:\\xampp\\htdocs...')
#3 C:\xampp\htdocs\wordpress\wp-blog-header.php(13): require_once('C:\\xampp\\htdocs...')
#4 C:\xampp\htdocs\wordpress\index.php(17): require('C:\\xampp\\htdocs...')
#5 {main}
  thrown dans C:\xampp\htdocs\wordpress\wp-content\themes\firezy\functions.php à la ligne 523

2020-03-15T12:41:28+00:00 CRITICAL Uncaught Error: Call to a member function get_cart() on null in C:\xampp\htdocs\wordpress\wp-content\themes\firezy\functions.php:523
Stack trace:
#0 C:\xampp\htdocs\wordpress\wp-settings.php(497): include()
#1 C:\xampp\htdocs\wordpress\wp-config.php(90): require_once('C:\\xampp\\htdocs...')
#2 C:\xampp\htdocs\wordpress\wp-load.php(37): require_once('C:\\xampp\\htdocs...')
#3 C:\xampp\htdocs\wordpress\wp-admin\admin-ajax.php(22): require_once('C:\\xampp\\htdocs...')
#4 {main}
  thrown dans C:\xampp\htdocs\wordpress\wp-content\themes\firezy\functions.php à la ligne 523

2020-03-15T12:42:02+00:00 CRITICAL Uncaught Error: Call to a member function get_attributes() on null in C:\xampp\htdocs\wordpress\wp-content\themes\firezy\functions.php:523
Stack trace:
#0 C:\xampp\htdocs\wordpress\wp-settings.php(497): include()
#1 C:\xampp\htdocs\wordpress\wp-config.php(90): require_once('C:\\xampp\\htdocs...')
#2 C:\xampp\htdocs\wordpress\wp-load.php(37): require_once('C:\\xampp\\htdocs...')
#3 C:\xampp\htdocs\wordpress\wp-blog-header.php(13): require_once('C:\\xampp\\htdocs...')
#4 C:\xampp\htdocs\wordpress\index.php(17): require('C:\\xampp\\htdocs...')
#5 {main}
  thrown dans C:\xampp\htdocs\wordpress\wp-content\themes\firezy\functions.php à la ligne 523

2020-03-15T12:43:28+00:00 CRITICAL Uncaught Error: Call to a member function get_attributes() on null in C:\xampp\htdocs\wordpress\wp-content\themes\firezy\functions.php:523
Stack trace:
#0 C:\xampp\htdocs\wordpress\wp-settings.php(497): include()
#1 C:\xampp\htdocs\wordpress\wp-config.php(90): require_once('C:\\xampp\\htdocs...')
#2 C:\xampp\htdocs\wordpress\wp-load.php(37): require_once('C:\\xampp\\htdocs...')
#3 C:\xampp\htdocs\wordpress\wp-admin\admin-ajax.php(22): require_once('C:\\xampp\\htdocs...')
#4 {main}
  thrown dans C:\xampp\htdocs\wordpress\wp-content\themes\firezy\functions.php à la ligne 523

2020-03-15T12:45:29+00:00 CRITICAL Uncaught Error: Call to a member function get_attributes() on null in C:\xampp\htdocs\wordpress\wp-content\themes\firezy\functions.php:523
Stack trace:
#0 C:\xampp\htdocs\wordpress\wp-settings.php(497): include()
#1 C:\xampp\htdocs\wordpress\wp-config.php(90): require_once('C:\\xampp\\htdocs...')
#2 C:\xampp\htdocs\wordpress\wp-load.php(37): require_once('C:\\xampp\\htdocs...')
#3 C:\xampp\htdocs\wordpress\wp-admin\admin-ajax.php(22): require_once('C:\\xampp\\htdocs...')
#4 {main}
  thrown dans C:\xampp\htdocs\wordpress\wp-content\themes\firezy\functions.php à la ligne 523

2020-03-15T12:46:55+00:00 CRITICAL Uncaught ArgumentCountError: Too few arguments to function min_decimal(), 1 passed in C:\xampp\htdocs\wordpress\wp-includes\class-wp-hook.php on line 290 and exactly 2 expected in C:\xampp\htdocs\wordpress\wp-content\themes\firezy\functions.php:530
Stack trace:
#0 C:\xampp\htdocs\wordpress\wp-includes\class-wp-hook.php(290): min_decimal(1)
#1 C:\xampp\htdocs\wordpress\wp-includes\plugin.php(206): WP_Hook->apply_filters(1, Array)
#2 C:\xampp\htdocs\wordpress\wp-content\plugins\woocommerce\templates\single-product\add-to-cart\simple.php(39): apply_filters('woocommerce_qua...', 1, Object(WC_Product_Simple))
#3 C:\xampp\htdocs\wordpress\wp-content\plugins\woocommerce\includes\wc-core-functions.php(249): include('C:\\xampp\\htdocs...')
#4 C:\xampp\htdocs\wordpress\wp-content\plugins\woocommerce\includes\wc-template-functions.php(1581): wc_get_template('single-product/...')
#5 C:\xampp\htdocs\wordpress\wp-includes\class-wp-hook.php(288): woocommerce_simple_add_to_cart('')
#6 C:\xampp\htdocs\wordpress\wp-includes\cl dans C:\xampp\htdocs\wordpress\wp-content\themes\firezy\functions.php à la ligne 530

2020-03-15T12:47:47+00:00 CRITICAL Uncaught ArgumentCountError: Too few arguments to function min_decimal(), 1 passed in C:\xampp\htdocs\wordpress\wp-includes\class-wp-hook.php on line 290 and exactly 2 expected in C:\xampp\htdocs\wordpress\wp-content\themes\firezy\functions.php:530
Stack trace:
#0 C:\xampp\htdocs\wordpress\wp-includes\class-wp-hook.php(290): min_decimal(1)
#1 C:\xampp\htdocs\wordpress\wp-includes\plugin.php(206): WP_Hook->apply_filters(1, Array)
#2 C:\xampp\htdocs\wordpress\wp-content\plugins\woocommerce\templates\single-product\add-to-cart\simple.php(39): apply_filters('woocommerce_qua...', 1, Object(WC_Product_Simple))
#3 C:\xampp\htdocs\wordpress\wp-content\plugins\woocommerce\includes\wc-core-functions.php(249): include('C:\\xampp\\htdocs...')
#4 C:\xampp\htdocs\wordpress\wp-content\plugins\woocommerce\includes\wc-template-functions.php(1581): wc_get_template('single-product/...')
#5 C:\xampp\htdocs\wordpress\wp-includes\class-wp-hook.php(288): woocommerce_simple_add_to_cart('')
#6 C:\xampp\htdocs\wordpress\wp-includes\cl dans C:\xampp\htdocs\wordpress\wp-content\themes\firezy\functions.php à la ligne 530

2020-03-15T13:57:21+00:00 CRITICAL Uncaught ArgumentCountError: Too few arguments to function min_decimal(), 1 passed in C:\xampp\htdocs\wordpress\wp-includes\class-wp-hook.php on line 290 and exactly 2 expected in C:\xampp\htdocs\wordpress\wp-content\themes\firezy\functions.php:530
Stack trace:
#0 C:\xampp\htdocs\wordpress\wp-includes\class-wp-hook.php(290): min_decimal(1)
#1 C:\xampp\htdocs\wordpress\wp-includes\plugin.php(206): WP_Hook->apply_filters(1, Array)
#2 C:\xampp\htdocs\wordpress\wp-content\plugins\woocommerce\templates\single-product\add-to-cart\simple.php(39): apply_filters('woocommerce_qua...', 1, Object(WC_Product_Simple))
#3 C:\xampp\htdocs\wordpress\wp-content\plugins\woocommerce\includes\wc-core-functions.php(249): include('C:\\xampp\\htdocs...')
#4 C:\xampp\htdocs\wordpress\wp-content\plugins\woocommerce\includes\wc-template-functions.php(1581): wc_get_template('single-product/...')
#5 C:\xampp\htdocs\wordpress\wp-includes\class-wp-hook.php(288): woocommerce_simple_add_to_cart('')
#6 C:\xampp\htdocs\wordpress\wp-includes\cl dans C:\xampp\htdocs\wordpress\wp-content\themes\firezy\functions.php à la ligne 530

2020-03-15T13:59:26+00:00 CRITICAL Uncaught ArgumentCountError: Too few arguments to function min_decimal(), 1 passed in C:\xampp\htdocs\wordpress\wp-includes\class-wp-hook.php on line 290 and exactly 2 expected in C:\xampp\htdocs\wordpress\wp-content\themes\firezy\functions.php:533
Stack trace:
#0 C:\xampp\htdocs\wordpress\wp-includes\class-wp-hook.php(290): min_decimal(1)
#1 C:\xampp\htdocs\wordpress\wp-includes\plugin.php(206): WP_Hook->apply_filters(1, Array)
#2 C:\xampp\htdocs\wordpress\wp-content\plugins\woocommerce\templates\single-product\add-to-cart\simple.php(39): apply_filters('woocommerce_qua...', 1, Object(WC_Product_Simple))
#3 C:\xampp\htdocs\wordpress\wp-content\plugins\woocommerce\includes\wc-core-functions.php(249): include('C:\\xampp\\htdocs...')
#4 C:\xampp\htdocs\wordpress\wp-content\plugins\woocommerce\includes\wc-template-functions.php(1581): wc_get_template('single-product/...')
#5 C:\xampp\htdocs\wordpress\wp-includes\class-wp-hook.php(288): woocommerce_simple_add_to_cart('')
#6 C:\xampp\htdocs\wordpress\wp-includes\cl dans C:\xampp\htdocs\wordpress\wp-content\themes\firezy\functions.php à la ligne 533

2020-03-15T13:59:52+00:00 CRITICAL Uncaught ArgumentCountError: Too few arguments to function min_decimal(), 1 passed in C:\xampp\htdocs\wordpress\wp-includes\class-wp-hook.php on line 290 and exactly 2 expected in C:\xampp\htdocs\wordpress\wp-content\themes\firezy\functions.php:526
Stack trace:
#0 C:\xampp\htdocs\wordpress\wp-includes\class-wp-hook.php(290): min_decimal(1)
#1 C:\xampp\htdocs\wordpress\wp-includes\plugin.php(206): WP_Hook->apply_filters(1, Array)
#2 C:\xampp\htdocs\wordpress\wp-content\plugins\woocommerce\templates\single-product\add-to-cart\simple.php(39): apply_filters('woocommerce_qua...', 1, Object(WC_Product_Simple))
#3 C:\xampp\htdocs\wordpress\wp-content\plugins\woocommerce\includes\wc-core-functions.php(249): include('C:\\xampp\\htdocs...')
#4 C:\xampp\htdocs\wordpress\wp-content\plugins\woocommerce\includes\wc-template-functions.php(1581): wc_get_template('single-product/...')
#5 C:\xampp\htdocs\wordpress\wp-includes\class-wp-hook.php(288): woocommerce_simple_add_to_cart('')
#6 C:\xampp\htdocs\wordpress\wp-includes\cl dans C:\xampp\htdocs\wordpress\wp-content\themes\firezy\functions.php à la ligne 526

2020-03-15T14:00:14+00:00 CRITICAL Uncaught ArgumentCountError: Too few arguments to function min_decimal(), 1 passed in C:\xampp\htdocs\wordpress\wp-includes\class-wp-hook.php on line 290 and exactly 2 expected in C:\xampp\htdocs\wordpress\wp-content\themes\firezy\functions.php:526
Stack trace:
#0 C:\xampp\htdocs\wordpress\wp-includes\class-wp-hook.php(290): min_decimal(1)
#1 C:\xampp\htdocs\wordpress\wp-includes\plugin.php(206): WP_Hook->apply_filters(1, Array)
#2 C:\xampp\htdocs\wordpress\wp-content\plugins\woocommerce\templates\single-product\add-to-cart\simple.php(39): apply_filters('woocommerce_qua...', 1, Object(WC_Product_Simple))
#3 C:\xampp\htdocs\wordpress\wp-content\plugins\woocommerce\includes\wc-core-functions.php(249): include('C:\\xampp\\htdocs...')
#4 C:\xampp\htdocs\wordpress\wp-content\plugins\woocommerce\includes\wc-template-functions.php(1581): wc_get_template('single-product/...')
#5 C:\xampp\htdocs\wordpress\wp-includes\class-wp-hook.php(288): woocommerce_simple_add_to_cart('')
#6 C:\xampp\htdocs\wordpress\wp-includes\cl dans C:\xampp\htdocs\wordpress\wp-content\themes\firezy\functions.php à la ligne 526

2020-03-15T14:03:33+00:00 CRITICAL Uncaught ArgumentCountError: Too few arguments to function min_decimal(), 1 passed in C:\xampp\htdocs\wordpress\wp-includes\class-wp-hook.php on line 290 and exactly 2 expected in C:\xampp\htdocs\wordpress\wp-content\themes\firezy\functions.php:526
Stack trace:
#0 C:\xampp\htdocs\wordpress\wp-includes\class-wp-hook.php(290): min_decimal(1)
#1 C:\xampp\htdocs\wordpress\wp-includes\plugin.php(206): WP_Hook->apply_filters(1, Array)
#2 C:\xampp\htdocs\wordpress\wp-content\plugins\woocommerce\templates\single-product\add-to-cart\simple.php(39): apply_filters('woocommerce_qua...', 1, Object(WC_Product_Simple))
#3 C:\xampp\htdocs\wordpress\wp-content\plugins\woocommerce\includes\wc-core-functions.php(249): include('C:\\xampp\\htdocs...')
#4 C:\xampp\htdocs\wordpress\wp-content\plugins\woocommerce\includes\wc-template-functions.php(1581): wc_get_template('single-product/...')
#5 C:\xampp\htdocs\wordpress\wp-includes\class-wp-hook.php(288): woocommerce_simple_add_to_cart('')
#6 C:\xampp\htdocs\wordpress\wp-includes\cl dans C:\xampp\htdocs\wordpress\wp-content\themes\firezy\functions.php à la ligne 526

2020-03-15T14:14:34+00:00 CRITICAL Uncaught Error: Call to a member function get_attribute() on null in C:\xampp\htdocs\wordpress\wp-content\themes\firezy\functions.php:524
Stack trace:
#0 C:\xampp\htdocs\wordpress\wp-settings.php(497): include()
#1 C:\xampp\htdocs\wordpress\wp-config.php(90): require_once('C:\\xampp\\htdocs...')
#2 C:\xampp\htdocs\wordpress\wp-load.php(37): require_once('C:\\xampp\\htdocs...')
#3 C:\xampp\htdocs\wordpress\wp-blog-header.php(13): require_once('C:\\xampp\\htdocs...')
#4 C:\xampp\htdocs\wordpress\index.php(17): require('C:\\xampp\\htdocs...')
#5 {main}
  thrown dans C:\xampp\htdocs\wordpress\wp-content\themes\firezy\functions.php à la ligne 524

2020-03-15T14:14:34+00:00 CRITICAL Uncaught Error: Call to a member function get_attribute() on null in C:\xampp\htdocs\wordpress\wp-content\themes\firezy\functions.php:524
Stack trace:
#0 C:\xampp\htdocs\wordpress\wp-settings.php(497): include()
#1 C:\xampp\htdocs\wordpress\wp-config.php(90): require_once('C:\\xampp\\htdocs...')
#2 C:\xampp\htdocs\wordpress\wp-load.php(37): require_once('C:\\xampp\\htdocs...')
#3 C:\xampp\htdocs\wordpress\wp-blog-header.php(13): require_once('C:\\xampp\\htdocs...')
#4 C:\xampp\htdocs\wordpress\index.php(17): require('C:\\xampp\\htdocs...')
#5 {main}
  thrown dans C:\xampp\htdocs\wordpress\wp-content\themes\firezy\functions.php à la ligne 524

2020-03-15T14:14:35+00:00 CRITICAL Uncaught Error: Call to a member function get_attribute() on null in C:\xampp\htdocs\wordpress\wp-content\themes\firezy\functions.php:524
Stack trace:
#0 C:\xampp\htdocs\wordpress\wp-settings.php(497): include()
#1 C:\xampp\htdocs\wordpress\wp-config.php(90): require_once('C:\\xampp\\htdocs...')
#2 C:\xampp\htdocs\wordpress\wp-load.php(37): require_once('C:\\xampp\\htdocs...')
#3 C:\xampp\htdocs\wordpress\wp-blog-header.php(13): require_once('C:\\xampp\\htdocs...')
#4 C:\xampp\htdocs\wordpress\index.php(17): require('C:\\xampp\\htdocs...')
#5 {main}
  thrown dans C:\xampp\htdocs\wordpress\wp-content\themes\firezy\functions.php à la ligne 524

2020-03-15T14:14:46+00:00 CRITICAL Uncaught Error: Call to a member function get_attribute() on null in C:\xampp\htdocs\wordpress\wp-content\themes\firezy\functions.php:524
Stack trace:
#0 C:\xampp\htdocs\wordpress\wp-settings.php(497): include()
#1 C:\xampp\htdocs\wordpress\wp-config.php(90): require_once('C:\\xampp\\htdocs...')
#2 C:\xampp\htdocs\wordpress\wp-load.php(37): require_once('C:\\xampp\\htdocs...')
#3 C:\xampp\htdocs\wordpress\wp-admin\admin-ajax.php(22): require_once('C:\\xampp\\htdocs...')
#4 {main}
  thrown dans C:\xampp\htdocs\wordpress\wp-content\themes\firezy\functions.php à la ligne 524

2020-03-15T14:14:51+00:00 CRITICAL Uncaught Error: Call to a member function get_attribute() on null in C:\xampp\htdocs\wordpress\wp-content\themes\firezy\functions.php:524
Stack trace:
#0 C:\xampp\htdocs\wordpress\wp-settings.php(497): include()
#1 C:\xampp\htdocs\wordpress\wp-config.php(90): require_once('C:\\xampp\\htdocs...')
#2 C:\xampp\htdocs\wordpress\wp-load.php(37): require_once('C:\\xampp\\htdocs...')
#3 C:\xampp\htdocs\wordpress\wp-blog-header.php(13): require_once('C:\\xampp\\htdocs...')
#4 C:\xampp\htdocs\wordpress\index.php(17): require('C:\\xampp\\htdocs...')
#5 {main}
  thrown dans C:\xampp\htdocs\wordpress\wp-content\themes\firezy\functions.php à la ligne 524

2020-03-15T14:14:52+00:00 CRITICAL Uncaught Error: Call to a member function get_attribute() on null in C:\xampp\htdocs\wordpress\wp-content\themes\firezy\functions.php:524
Stack trace:
#0 C:\xampp\htdocs\wordpress\wp-settings.php(497): include()
#1 C:\xampp\htdocs\wordpress\wp-config.php(90): require_once('C:\\xampp\\htdocs...')
#2 C:\xampp\htdocs\wordpress\wp-load.php(37): require_once('C:\\xampp\\htdocs...')
#3 C:\xampp\htdocs\wordpress\wp-blog-header.php(13): require_once('C:\\xampp\\htdocs...')
#4 C:\xampp\htdocs\wordpress\index.php(17): require('C:\\xampp\\htdocs...')
#5 {main}
  thrown dans C:\xampp\htdocs\wordpress\wp-content\themes\firezy\functions.php à la ligne 524

2020-03-15T14:14:53+00:00 CRITICAL Uncaught Error: Call to a member function get_attribute() on null in C:\xampp\htdocs\wordpress\wp-content\themes\firezy\functions.php:524
Stack trace:
#0 C:\xampp\htdocs\wordpress\wp-settings.php(497): include()
#1 C:\xampp\htdocs\wordpress\wp-config.php(90): require_once('C:\\xampp\\htdocs...')
#2 C:\xampp\htdocs\wordpress\wp-load.php(37): require_once('C:\\xampp\\htdocs...')
#3 C:\xampp\htdocs\wordpress\wp-blog-header.php(13): require_once('C:\\xampp\\htdocs...')
#4 C:\xampp\htdocs\wordpress\index.php(17): require('C:\\xampp\\htdocs...')
#5 {main}
  thrown dans C:\xampp\htdocs\wordpress\wp-content\themes\firezy\functions.php à la ligne 524

2020-03-15T14:15:00+00:00 CRITICAL Uncaught Error: Call to a member function get_attribute() on null in C:\xampp\htdocs\wordpress\wp-content\themes\firezy\functions.php:524
Stack trace:
#0 C:\xampp\htdocs\wordpress\wp-settings.php(497): include()
#1 C:\xampp\htdocs\wordpress\wp-config.php(90): require_once('C:\\xampp\\htdocs...')
#2 C:\xampp\htdocs\wordpress\wp-load.php(37): require_once('C:\\xampp\\htdocs...')
#3 C:\xampp\htdocs\wordpress\wp-blog-header.php(13): require_once('C:\\xampp\\htdocs...')
#4 C:\xampp\htdocs\wordpress\index.php(17): require('C:\\xampp\\htdocs...')
#5 {main}
  thrown dans C:\xampp\htdocs\wordpress\wp-content\themes\firezy\functions.php à la ligne 524

2020-03-15T14:15:28+00:00 CRITICAL Uncaught Error: Call to a member function get_attribute() on null in C:\xampp\htdocs\wordpress\wp-content\themes\firezy\functions.php:524
Stack trace:
#0 C:\xampp\htdocs\wordpress\wp-settings.php(497): include()
#1 C:\xampp\htdocs\wordpress\wp-config.php(90): require_once('C:\\xampp\\htdocs...')
#2 C:\xampp\htdocs\wordpress\wp-load.php(37): require_once('C:\\xampp\\htdocs...')
#3 C:\xampp\htdocs\wordpress\wp-admin\admin-ajax.php(22): require_once('C:\\xampp\\htdocs...')
#4 {main}
  thrown dans C:\xampp\htdocs\wordpress\wp-content\themes\firezy\functions.php à la ligne 524

2020-03-15T14:23:01+00:00 CRITICAL Uncaught Error: Call to undefined function so_32545673_get_attribute() in C:\xampp\htdocs\wordpress\wp-content\themes\firezy\functions.php:526
Stack trace:
#0 C:\xampp\htdocs\wordpress\wp-includes\class-wp-hook.php(290): min_decimal(1)
#1 C:\xampp\htdocs\wordpress\wp-includes\plugin.php(206): WP_Hook->apply_filters(1, Array)
#2 C:\xampp\htdocs\wordpress\wp-content\plugins\woocommerce\templates\single-product\add-to-cart\simple.php(39): apply_filters('woocommerce_qua...', 1, Object(WC_Product_Simple))
#3 C:\xampp\htdocs\wordpress\wp-content\plugins\woocommerce\includes\wc-core-functions.php(249): include('C:\\xampp\\htdocs...')
#4 C:\xampp\htdocs\wordpress\wp-content\plugins\woocommerce\includes\wc-template-functions.php(1581): wc_get_template('single-product/...')
#5 C:\xampp\htdocs\wordpress\wp-includes\class-wp-hook.php(288): woocommerce_simple_add_to_cart('')
#6 C:\xampp\htdocs\wordpress\wp-includes\class-wp-hook.php(312): WP_Hook->apply_filters('', Array)
#7 C:\xampp\htdocs\wordpress\wp-includes\plugin.ph dans C:\xampp\htdocs\wordpress\wp-content\themes\firezy\functions.php à la ligne 526

2020-03-15T14:24:09+00:00 CRITICAL Uncaught Error: Call to undefined function so_32545673_get_attribute() in C:\xampp\htdocs\wordpress\wp-content\themes\firezy\functions.php:526
Stack trace:
#0 C:\xampp\htdocs\wordpress\wp-includes\class-wp-hook.php(290): min_decimal(1)
#1 C:\xampp\htdocs\wordpress\wp-includes\plugin.php(206): WP_Hook->apply_filters(1, Array)
#2 C:\xampp\htdocs\wordpress\wp-content\plugins\woocommerce\templates\single-product\add-to-cart\simple.php(39): apply_filters('woocommerce_qua...', 1, Object(WC_Product_Simple))
#3 C:\xampp\htdocs\wordpress\wp-content\plugins\woocommerce\includes\wc-core-functions.php(249): include('C:\\xampp\\htdocs...')
#4 C:\xampp\htdocs\wordpress\wp-content\plugins\woocommerce\includes\wc-template-functions.php(1581): wc_get_template('single-product/...')
#5 C:\xampp\htdocs\wordpress\wp-includes\class-wp-hook.php(288): woocommerce_simple_add_to_cart('')
#6 C:\xampp\htdocs\wordpress\wp-includes\class-wp-hook.php(312): WP_Hook->apply_filters('', Array)
#7 C:\xampp\htdocs\wordpress\wp-includes\plugin.ph dans C:\xampp\htdocs\wordpress\wp-content\themes\firezy\functions.php à la ligne 526

2020-03-15T14:46:51+00:00 CRITICAL Uncaught Error: Call to a member function get_name() on array in C:\xampp\htdocs\wordpress\wp-content\themes\firezy\functions.php:526
Stack trace:
#0 C:\xampp\htdocs\wordpress\wp-includes\class-wp-hook.php(288): so_32545673_get_attribute('')
#1 C:\xampp\htdocs\wordpress\wp-includes\class-wp-hook.php(312): WP_Hook->apply_filters(NULL, Array)
#2 C:\xampp\htdocs\wordpress\wp-includes\plugin.php(478): WP_Hook->do_action(Array)
#3 C:\xampp\htdocs\wordpress\wp-content\plugins\woocommerce\templates\content-single-product.php(43): do_action('woocommerce_bef...')
#4 C:\xampp\htdocs\wordpress\wp-includes\template.php(724): require('C:\\xampp\\htdocs...')
#5 C:\xampp\htdocs\wordpress\wp-content\plugins\woocommerce\includes\wc-core-functions.php(195): load_template('C:\\xampp\\htdocs...', false)
#6 C:\xampp\htdocs\wordpress\wp-content\themes\firezy\woocommerce\single-product.php(45): wc_get_template_part('content', 'single-product')
#7 C:\xampp\htdocs\wordpress\wp-includes\template-loader.php(98): include('C:\\xampp\\htd dans C:\xampp\htdocs\wordpress\wp-content\themes\firezy\functions.php à la ligne 526

2020-03-15T14:48:06+00:00 CRITICAL Uncaught Error: Call to a member function get_name() on array in C:\xampp\htdocs\wordpress\wp-content\themes\firezy\functions.php:526
Stack trace:
#0 C:\xampp\htdocs\wordpress\wp-includes\class-wp-hook.php(288): so_32545673_get_attribute('')
#1 C:\xampp\htdocs\wordpress\wp-includes\class-wp-hook.php(312): WP_Hook->apply_filters(NULL, Array)
#2 C:\xampp\htdocs\wordpress\wp-includes\plugin.php(478): WP_Hook->do_action(Array)
#3 C:\xampp\htdocs\wordpress\wp-content\plugins\woocommerce\templates\content-single-product.php(43): do_action('woocommerce_bef...')
#4 C:\xampp\htdocs\wordpress\wp-includes\template.php(724): require('C:\\xampp\\htdocs...')
#5 C:\xampp\htdocs\wordpress\wp-content\plugins\woocommerce\includes\wc-core-functions.php(195): load_template('C:\\xampp\\htdocs...', false)
#6 C:\xampp\htdocs\wordpress\wp-content\themes\firezy\woocommerce\single-product.php(45): wc_get_template_part('content', 'single-product')
#7 C:\xampp\htdocs\wordpress\wp-includes\template-loader.php(98): include('C:\\xampp\\htd dans C:\xampp\htdocs\wordpress\wp-content\themes\firezy\functions.php à la ligne 526

2020-03-15T14:48:09+00:00 CRITICAL Uncaught Error: Call to a member function get_name() on array in C:\xampp\htdocs\wordpress\wp-content\themes\firezy\functions.php:526
Stack trace:
#0 C:\xampp\htdocs\wordpress\wp-includes\class-wp-hook.php(288): so_32545673_get_attribute('')
#1 C:\xampp\htdocs\wordpress\wp-includes\class-wp-hook.php(312): WP_Hook->apply_filters(NULL, Array)
#2 C:\xampp\htdocs\wordpress\wp-includes\plugin.php(478): WP_Hook->do_action(Array)
#3 C:\xampp\htdocs\wordpress\wp-content\plugins\woocommerce\templates\content-single-product.php(43): do_action('woocommerce_bef...')
#4 C:\xampp\htdocs\wordpress\wp-includes\template.php(724): require('C:\\xampp\\htdocs...')
#5 C:\xampp\htdocs\wordpress\wp-content\plugins\woocommerce\includes\wc-core-functions.php(195): load_template('C:\\xampp\\htdocs...', false)
#6 C:\xampp\htdocs\wordpress\wp-content\themes\firezy\woocommerce\single-product.php(45): wc_get_template_part('content', 'single-product')
#7 C:\xampp\htdocs\wordpress\wp-includes\template-loader.php(98): include('C:\\xampp\\htd dans C:\xampp\htdocs\wordpress\wp-content\themes\firezy\functions.php à la ligne 526

