2020-03-19T11:13:03+00:00 CRITICAL Uncaught Error: Call to a member function get_attributes() on null in C:\xampp\htdocs\wordpress\wp-content\themes\firezy\functions.php:565
Stack trace:
#0 C:\xampp\htdocs\wordpress\wp-includes\class-wp-hook.php(288): so_32545674_get_attribute('')
#1 C:\xampp\htdocs\wordpress\wp-includes\class-wp-hook.php(312): WP_Hook->apply_filters('', Array)
#2 C:\xampp\htdocs\wordpress\wp-includes\plugin.php(478): WP_Hook->do_action(Array)
#3 C:\xampp\htdocs\wordpress\wp-content\plugins\woocommerce\templates\cart\cart.php(37): do_action('woocommerce_bef...')
#4 C:\xampp\htdocs\wordpress\wp-content\plugins\woocommerce\includes\wc-core-functions.php(249): include('C:\\xampp\\htdocs...')
#5 C:\xampp\htdocs\wordpress\wp-content\plugins\woocommerce\includes\shortcodes\class-wc-shortcode-cart.php(99): wc_get_template('cart/cart.php')
#6 C:\xampp\htdocs\wordpress\wp-content\plugins\woocommerce\includes\class-wc-shortcodes.php(72): WC_Shortcode_Cart::output(Array)
#7 C:\xampp\htdocs\wordpress\wp-content\plugins\woocommerce\include dans C:\xampp\htdocs\wordpress\wp-content\themes\firezy\functions.php à la ligne 565

2020-03-19T11:15:36+00:00 CRITICAL Uncaught Error: Call to a member function get_attributes() on null in C:\xampp\htdocs\wordpress\wp-content\themes\firezy\functions.php:525
Stack trace:
#0 C:\xampp\htdocs\wordpress\wp-includes\class-wp-hook.php(288): so_32545673_get_attribute('')
#1 C:\xampp\htdocs\wordpress\wp-includes\class-wp-hook.php(312): WP_Hook->apply_filters(NULL, Array)
#2 C:\xampp\htdocs\wordpress\wp-includes\plugin.php(478): WP_Hook->do_action(Array)
#3 C:\xampp\htdocs\wordpress\wp-content\plugins\woocommerce\templates\cart\cart.php(20): do_action('woocommerce_bef...')
#4 C:\xampp\htdocs\wordpress\wp-content\plugins\woocommerce\includes\wc-core-functions.php(249): include('C:\\xampp\\htdocs...')
#5 C:\xampp\htdocs\wordpress\wp-content\plugins\woocommerce\includes\shortcodes\class-wc-shortcode-cart.php(99): wc_get_template('cart/cart.php')
#6 C:\xampp\htdocs\wordpress\wp-content\plugins\woocommerce\includes\class-wc-shortcodes.php(72): WC_Shortcode_Cart::output(Array)
#7 C:\xampp\htdocs\wordpress\wp-content\plugins\woocommerce\inclu dans C:\xampp\htdocs\wordpress\wp-content\themes\firezy\functions.php à la ligne 525

